SF:/Users/joeldrotleff/code/joya/funnel/server/lib/anthropic.ts
FN:20,<instance_members_initializer>
FN:23,AnthropicClient
FN:27,summarizeTranscript
FN:72,generateDiagram
FN:131,generateLightlyEditedTranscript
FN:172,generateThoughtProvokingQuestions
FNDA:1,<instance_members_initializer>
FNDA:1,AnthropicClient
FNDA:0,summarizeTranscript
FNDA:0,generateDiagram
FNDA:11,generateLightlyEditedTranscript
FNDA:0,generateThoughtProvokingQuestions
FNF:6
FNH:3
BRDA:159,5,0,1
BRDA:162,5,1,10
BRF:2
BRH:2
DA:19,1
DA:20,1
DA:21,1
DA:23,1
DA:24,2
DA:25,2
DA:27,0
DA:29,0
DA:30,0
DA:32,0
DA:34,0
DA:35,0
DA:36,0
DA:37,0
DA:38,0
DA:39,0
DA:40,0
DA:41,0
DA:42,0
DA:43,0
DA:44,0
DA:45,0
DA:46,0
DA:47,0
DA:48,0
DA:50,0
DA:51,0
DA:53,0
DA:54,0
DA:55,0
DA:56,0
DA:58,0
DA:59,0
DA:62,0
DA:63,0
DA:64,0
DA:65,0
DA:67,0
DA:68,0
DA:69,0
DA:70,0
DA:72,0
DA:74,0
DA:75,0
DA:77,0
DA:79,0
DA:80,0
DA:81,0
DA:82,0
DA:83,0
DA:84,0
DA:85,0
DA:86,0
DA:87,0
DA:88,0
DA:89,0
DA:90,0
DA:91,0
DA:92,0
DA:93,0
DA:95,0
DA:96,0
DA:98,0
DA:99,0
DA:100,0
DA:101,0
DA:103,0
DA:104,0
DA:106,0
DA:109,0
DA:110,0
DA:111,0
DA:113,0
DA:114,0
DA:115,0
DA:116,0
DA:117,0
DA:118,0
DA:119,0
DA:120,0
DA:122,0
DA:124,0
DA:125,0
DA:126,0
DA:127,0
DA:128,0
DA:129,0
DA:131,1
DA:132,1
DA:133,1
DA:135,12
DA:136,12
DA:138,12
DA:140,12
DA:141,12
DA:142,12
DA:143,12
DA:144,12
DA:145,12
DA:146,12
DA:147,12
DA:148,12
DA:149,12
DA:150,12
DA:151,12
DA:152,12
DA:153,12
DA:154,12
DA:156,12
DA:157,12
DA:159,12
DA:160,13
DA:161,13
DA:162,13
DA:164,22
DA:165,22
DA:167,22
DA:168,22
DA:169,22
DA:170,12
DA:172,0
DA:173,0
DA:174,0
DA:176,0
DA:177,0
DA:179,0
DA:181,0
DA:182,0
DA:183,0
DA:184,0
DA:185,0
DA:186,0
DA:187,0
DA:188,0
DA:189,0
DA:190,0
DA:191,0
DA:192,0
DA:193,0
DA:194,0
DA:195,0
DA:197,0
DA:198,0
DA:200,0
DA:201,0
DA:202,0
DA:203,0
DA:205,0
DA:206,0
DA:209,0
DA:210,0
DA:211,0
DA:212,0
DA:214,0
DA:215,0
DA:216,0
DA:217,0
DA:218,1
LH:40
LF:158
end_of_record
